CUDA_VISIBLE_DEVICES=0,1
Numero Parametri:
38056458
Numero Parametri:
38056458
Train Epoch: 1 	Loss: 0.307808
Test set: Average loss: 0.0443, Accuracy: 9845/10000 (98.45%)

Train Epoch: 2 	Loss: 0.059017
Test set: Average loss: 0.0341, Accuracy: 9894/10000 (98.94%)

Train Epoch: 3 	Loss: 0.039946
Test set: Average loss: 0.0282, Accuracy: 9908/10000 (99.08%)

Train Epoch: 4 	Loss: 0.029459
Test set: Average loss: 0.0283, Accuracy: 9907/10000 (99.07%)

CUDA event elapsed time: 55.8456796875sec
FullyShardedDataParallel(
  (_fsdp_wrapped_module): Net(
    (conv1): Conv2d(1, 128, kernel_size=(3, 3), stride=(1, 1))
    (conv2): Conv2d(128, 256, kernel_size=(3, 3), stride=(1, 1))
    (dropout1): Dropout(p=0.25, inplace=False)
    (dropout2): Dropout(p=0.5, inplace=False)
    (fc1): Linear(in_features=36864, out_features=1024, bias=True)
    (fc2): Linear(in_features=1024, out_features=10, bias=True)
  )
)
