Loading snapshot
Resuming training from snapshot at Epoch 4900
Loading snapshot
Resuming training from snapshot at Epoch 4900
Loading snapshot
Resuming training from snapshot at Epoch 4900
Loading snapshot
Resuming training from snapshot at Epoch 4900
[GPU1] Epoch 4900 | Batchsize: 32 | Steps: 16
[GPU3] Epoch 4900 | Batchsize: 32 | Steps: 16
[GPU0] Epoch 4900 | Batchsize: 32 | Steps: 16
[GPU2] Epoch 4900 | Batchsize: 32 | Steps: 16
[GPU1] Epoch 4901 | Batchsize: 32 | Steps: 16
[GPU3] Epoch 4901 | Batchsize: 32 | Steps: 16
Epoch 4900 | Training snapshot saved at snapshots/snapshot.pt
Epoch 4900 | Training snapshot saved at snapshots/snapshot.pt
[GPU0] Epoch 4901 | Batchsize: 32 | Steps: 16
[GPU2] Epoch 4901 | Batchsize: 32 | Steps: 16
[GPU1] Epoch 4902 | Batchsize: 32 | Steps: 16
[GPU3] Epoch 4902 | Batchsize: 32 | Steps: 16
[GPU2] Epoch 4902 | Batchsize: 32 | Steps: 16
[GPU0] Epoch 4902 | Batchsize: 32 | Steps: 16
[GPU1] Epoch 4903 | Batchsize: 32 | Steps: 16
[GPU0] Epoch 4903 | Batchsize: 32 | Steps: 16
[GPU3] Epoch 4903 | Batchsize: 32 | Steps: 16
[GPU2] Epoch 4903 | Batchsize: 32 | Steps: 16
[GPU1] Epoch 4904 | Batchsize: 32 | Steps: 16
[GPU0] Epoch 4904 | Batchsize: 32 | Steps: 16
[GPU3] Epoch 4904 | Batchsize: 32 | Steps: 16
[GPU2] Epoch 4904 | Batchsize: 32 | Steps: 16
[GPU1] Epoch 4905 | Batchsize: 32 | Steps: 16
[GPU3] Epoch 4905 | Batchsize: 32 | Steps: 16
[GPU0] Epoch 4905 | Batchsize: 32 | Steps: 16
[GPU2] Epoch 4905 | Batchsize: 32 | Steps: 16
[GPU1] Epoch 4906 | Batchsize: 32 | Steps: 16
[GPU3] Epoch 4906 | Batchsize: 32 | Steps: 16
[GPU0] Epoch 4906 | Batchsize: 32 | Steps: 16
[GPU2] Epoch 4906 | Batchsize: 32 | Steps: 16
[GPU1] Epoch 4907 | Batchsize: 32 | Steps: 16
[GPU0] Epoch 4907 | Batchsize: 32 | Steps: 16
[GPU3] Epoch 4907 | Batchsize: 32 | Steps: 16
[GPU2] Epoch 4907 | Batchsize: 32 | Steps: 16
[GPU1] Epoch 4908 | Batchsize: 32 | Steps: 16
[GPU3] Epoch 4908 | Batchsize: 32 | Steps: 16
[GPU2] Epoch 4908 | Batchsize: 32 | Steps: 16
[GPU0] Epoch 4908 | Batchsize: 32 | Steps: 16
[GPU1] Epoch 4909 | Batchsize: 32 | Steps: 16
[GPU3] Epoch 4909 | Batchsize: 32 | Steps: 16
[GPU0] Epoch 4909 | Batchsize: 32 | Steps: 16
[GPU2] Epoch 4909 | Batchsize: 32 | Steps: 16
[GPU1] Epoch 4910 | Batchsize: 32 | Steps: 16
[GPU3] Epoch 4910 | Batchsize: 32 | Steps: 16
[GPU0] Epoch 4910 | Batchsize: 32 | Steps: 16
[GPU2] Epoch 4910 | Batchsize: 32 | Steps: 16
[GPU1] Epoch 4911 | Batchsize: 32 | Steps: 16
[GPU3] Epoch 4911 | Batchsize: 32 | Steps: 16
[GPU0] Epoch 4911 | Batchsize: 32 | Steps: 16
[GPU2] Epoch 4911 | Batchsize: 32 | Steps: 16
[GPU1] Epoch 4912 | Batchsize: 32 | Steps: 16
[GPU3] Epoch 4912 | Batchsize: 32 | Steps: 16
[GPU0] Epoch 4912 | Batchsize: 32 | Steps: 16
[GPU2] Epoch 4912 | Batchsize: 32 | Steps: 16
[GPU1] Epoch 4913 | Batchsize: 32 | Steps: 16
[GPU3] Epoch 4913 | Batchsize: 32 | Steps: 16
[GPU0] Epoch 4913 | Batchsize: 32 | Steps: 16
[GPU2] Epoch 4913 | Batchsize: 32 | Steps: 16
[GPU1] Epoch 4914 | Batchsize: 32 | Steps: 16
[GPU3] Epoch 4914 | Batchsize: 32 | Steps: 16
[GPU0] Epoch 4914 | Batchsize: 32 | Steps: 16
[GPU2] Epoch 4914 | Batchsize: 32 | Steps: 16
[GPU1] Epoch 4915 | Batchsize: 32 | Steps: 16
[GPU0] Epoch 4915 | Batchsize: 32 | Steps: 16
[GPU2] Epoch 4915 | Batchsize: 32 | Steps: 16
[GPU3] Epoch 4915 | Batchsize: 32 | Steps: 16
[GPU2] Epoch 4916 | Batchsize: 32 | Steps: 16
[GPU0] Epoch 4916 | Batchsize: 32 | Steps: 16
[GPU1] Epoch 4916 | Batchsize: 32 | Steps: 16
[GPU3] Epoch 4916 | Batchsize: 32 | Steps: 16
[GPU1] Epoch 4917 | Batchsize: 32 | Steps: 16
[GPU0] Epoch 4917 | Batchsize: 32 | Steps: 16
[GPU3] Epoch 4917 | Batchsize: 32 | Steps: 16
[GPU2] Epoch 4917 | Batchsize: 32 | Steps: 16
[GPU3] Epoch 4918 | Batchsize: 32 | Steps: 16
[GPU1] Epoch 4918 | Batchsize: 32 | Steps: 16
[GPU0] Epoch 4918 | Batchsize: 32 | Steps: 16
[GPU2] Epoch 4918 | Batchsize: 32 | Steps: 16
[GPU3] Epoch 4919 | Batchsize: 32 | Steps: 16
[GPU1] Epoch 4919 | Batchsize: 32 | Steps: 16
[GPU0] Epoch 4919 | Batchsize: 32 | Steps: 16
[GPU2] Epoch 4919 | Batchsize: 32 | Steps: 16
[GPU3] Epoch 4920 | Batchsize: 32 | Steps: 16
[GPU1] Epoch 4920 | Batchsize: 32 | Steps: 16
[GPU0] Epoch 4920 | Batchsize: 32 | Steps: 16
[GPU2] Epoch 4920 | Batchsize: 32 | Steps: 16
[GPU1] Epoch 4921 | Batchsize: 32 | Steps: 16
[GPU3] Epoch 4921 | Batchsize: 32 | Steps: 16
[GPU0] Epoch 4921 | Batchsize: 32 | Steps: 16
[GPU2] Epoch 4921 | Batchsize: 32 | Steps: 16
[GPU1] Epoch 4922 | Batchsize: 32 | Steps: 16
[GPU3] Epoch 4922 | Batchsize: 32 | Steps: 16
[GPU0] Epoch 4922 | Batchsize: 32 | Steps: 16
[GPU2] Epoch 4922 | Batchsize: 32 | Steps: 16
[GPU1] Epoch 4923 | Batchsize: 32 | Steps: 16
[GPU3] Epoch 4923 | Batchsize: 32 | Steps: 16
[GPU0] Epoch 4923 | Batchsize: 32 | Steps: 16
[GPU2] Epoch 4923 | Batchsize: 32 | Steps: 16
[GPU3] Epoch 4924 | Batchsize: 32 | Steps: 16
[GPU2] Epoch 4924 | Batchsize: 32 | Steps: 16
[GPU0] Epoch 4924 | Batchsize: 32 | Steps: 16
[GPU1] Epoch 4924 | Batchsize: 32 | Steps: 16
[GPU0] Epoch 4925 | Batchsize: 32 | Steps: 16
[GPU3] Epoch 4925 | Batchsize: 32 | Steps: 16
[GPU1] Epoch 4925 | Batchsize: 32 | Steps: 16
[GPU2] Epoch 4925 | Batchsize: 32 | Steps: 16
[GPU3] Epoch 4926 | Batchsize: 32 | Steps: 16
[GPU1] Epoch 4926 | Batchsize: 32 | Steps: 16
[GPU2] Epoch 4926 | Batchsize: 32 | Steps: 16
[GPU0] Epoch 4926 | Batchsize: 32 | Steps: 16
[GPU1] Epoch 4927 | Batchsize: 32 | Steps: 16
[GPU3] Epoch 4927 | Batchsize: 32 | Steps: 16
[GPU0] Epoch 4927 | Batchsize: 32 | Steps: 16
[GPU2] Epoch 4927 | Batchsize: 32 | Steps: 16
[GPU1] Epoch 4928 | Batchsize: 32 | Steps: 16
[GPU3] Epoch 4928 | Batchsize: 32 | Steps: 16
[GPU0] Epoch 4928 | Batchsize: 32 | Steps: 16
[GPU2] Epoch 4928 | Batchsize: 32 | Steps: 16
[GPU1] Epoch 4929 | Batchsize: 32 | Steps: 16
[GPU3] Epoch 4929 | Batchsize: 32 | Steps: 16
[GPU0] Epoch 4929 | Batchsize: 32 | Steps: 16
[GPU2] Epoch 4929 | Batchsize: 32 | Steps: 16
[GPU1] Epoch 4930 | Batchsize: 32 | Steps: 16
[GPU3] Epoch 4930 | Batchsize: 32 | Steps: 16
[GPU0] Epoch 4930 | Batchsize: 32 | Steps: 16
[GPU2] Epoch 4930 | Batchsize: 32 | Steps: 16
[GPU1] Epoch 4931 | Batchsize: 32 | Steps: 16
[GPU3] Epoch 4931 | Batchsize: 32 | Steps: 16
[GPU0] Epoch 4931 | Batchsize: 32 | Steps: 16
[GPU2] Epoch 4931 | Batchsize: 32 | Steps: 16
[GPU3] Epoch 4932 | Batchsize: 32 | Steps: 16
[GPU1] Epoch 4932 | Batchsize: 32 | Steps: 16
[GPU0] Epoch 4932 | Batchsize: 32 | Steps: 16
[GPU2] Epoch 4932 | Batchsize: 32 | Steps: 16
[GPU1] Epoch 4933 | Batchsize: 32 | Steps: 16
[GPU2] Epoch 4933 | Batchsize: 32 | Steps: 16
[GPU0] Epoch 4933 | Batchsize: 32 | Steps: 16
[GPU3] Epoch 4933 | Batchsize: 32 | Steps: 16
[GPU1] Epoch 4934 | Batchsize: 32 | Steps: 16
[GPU2] Epoch 4934 | Batchsize: 32 | Steps: 16
[GPU0] Epoch 4934 | Batchsize: 32 | Steps: 16
[GPU3] Epoch 4934 | Batchsize: 32 | Steps: 16
[GPU3] Epoch 4935 | Batchsize: 32 | Steps: 16
[GPU1] Epoch 4935 | Batchsize: 32 | Steps: 16
[GPU2] Epoch 4935 | Batchsize: 32 | Steps: 16
[GPU0] Epoch 4935 | Batchsize: 32 | Steps: 16
[GPU1] Epoch 4936 | Batchsize: 32 | Steps: 16
[GPU3] Epoch 4936 | Batchsize: 32 | Steps: 16
[GPU0] Epoch 4936 | Batchsize: 32 | Steps: 16
[GPU2] Epoch 4936 | Batchsize: 32 | Steps: 16
[GPU1] Epoch 4937 | Batchsize: 32 | Steps: 16
[GPU3] Epoch 4937 | Batchsize: 32 | Steps: 16
[GPU0] Epoch 4937 | Batchsize: 32 | Steps: 16
[GPU2] Epoch 4937 | Batchsize: 32 | Steps: 16
[GPU1] Epoch 4938 | Batchsize: 32 | Steps: 16
[GPU0] Epoch 4938 | Batchsize: 32 | Steps: 16
[GPU3] Epoch 4938 | Batchsize: 32 | Steps: 16
[GPU2] Epoch 4938 | Batchsize: 32 | Steps: 16
[GPU1] Epoch 4939 | Batchsize: 32 | Steps: 16
[GPU3] Epoch 4939 | Batchsize: 32 | Steps: 16
[GPU0] Epoch 4939 | Batchsize: 32 | Steps: 16
[GPU2] Epoch 4939 | Batchsize: 32 | Steps: 16
[GPU1] Epoch 4940 | Batchsize: 32 | Steps: 16
[GPU3] Epoch 4940 | Batchsize: 32 | Steps: 16
[GPU0] Epoch 4940 | Batchsize: 32 | Steps: 16
[GPU2] Epoch 4940 | Batchsize: 32 | Steps: 16
[GPU1] Epoch 4941 | Batchsize: 32 | Steps: 16
[GPU0] Epoch 4941 | Batchsize: 32 | Steps: 16
[GPU2] Epoch 4941 | Batchsize: 32 | Steps: 16
[GPU3] Epoch 4941 | Batchsize: 32 | Steps: 16
[GPU1] Epoch 4942 | Batchsize: 32 | Steps: 16
[GPU0] Epoch 4942 | Batchsize: 32 | Steps: 16
[GPU2] Epoch 4942 | Batchsize: 32 | Steps: 16
[GPU3] Epoch 4942 | Batchsize: 32 | Steps: 16
[GPU1] Epoch 4943 | Batchsize: 32 | Steps: 16
[GPU0] Epoch 4943 | Batchsize: 32 | Steps: 16
[GPU2] Epoch 4943 | Batchsize: 32 | Steps: 16
[GPU3] Epoch 4943 | Batchsize: 32 | Steps: 16
[GPU1] Epoch 4944 | Batchsize: 32 | Steps: 16
[GPU0] Epoch 4944 | Batchsize: 32 | Steps: 16
[GPU2] Epoch 4944 | Batchsize: 32 | Steps: 16
[GPU3] Epoch 4944 | Batchsize: 32 | Steps: 16
[GPU3] Epoch 4945 | Batchsize: 32 | Steps: 16
[GPU1] Epoch 4945 | Batchsize: 32 | Steps: 16
[GPU0] Epoch 4945 | Batchsize: 32 | Steps: 16
[GPU2] Epoch 4945 | Batchsize: 32 | Steps: 16
[GPU1] Epoch 4946 | Batchsize: 32 | Steps: 16
[GPU3] Epoch 4946 | Batchsize: 32 | Steps: 16
[GPU0] Epoch 4946 | Batchsize: 32 | Steps: 16
[GPU2] Epoch 4946 | Batchsize: 32 | Steps: 16
[GPU1] Epoch 4947 | Batchsize: 32 | Steps: 16
[GPU3] Epoch 4947 | Batchsize: 32 | Steps: 16
[GPU0] Epoch 4947 | Batchsize: 32 | Steps: 16
[GPU2] Epoch 4947 | Batchsize: 32 | Steps: 16
[GPU1] Epoch 4948 | Batchsize: 32 | Steps: 16
[GPU3] Epoch 4948 | Batchsize: 32 | Steps: 16
[GPU0] Epoch 4948 | Batchsize: 32 | Steps: 16
[GPU2] Epoch 4948 | Batchsize: 32 | Steps: 16
[GPU1] Epoch 4949 | Batchsize: 32 | Steps: 16
[GPU3] Epoch 4949 | Batchsize: 32 | Steps: 16
[GPU0] Epoch 4949 | Batchsize: 32 | Steps: 16
[GPU2] Epoch 4949 | Batchsize: 32 | Steps: 16
[GPU1] Epoch 4950 | Batchsize: 32 | Steps: 16
[GPU0] Epoch 4950 | Batchsize: 32 | Steps: 16
[GPU2] Epoch 4950 | Batchsize: 32 | Steps: 16
[GPU3] Epoch 4950 | Batchsize: 32 | Steps: 16
[GPU1] Epoch 4951 | Batchsize: 32 | Steps: 16
[GPU0] Epoch 4951 | Batchsize: 32 | Steps: 16
[GPU2] Epoch 4951 | Batchsize: 32 | Steps: 16
[GPU3] Epoch 4951 | Batchsize: 32 | Steps: 16
[GPU1] Epoch 4952 | Batchsize: 32 | Steps: 16
[GPU0] Epoch 4952 | Batchsize: 32 | Steps: 16
[GPU2] Epoch 4952 | Batchsize: 32 | Steps: 16
[GPU3] Epoch 4952 | Batchsize: 32 | Steps: 16
[GPU1] Epoch 4953 | Batchsize: 32 | Steps: 16
[GPU0] Epoch 4953 | Batchsize: 32 | Steps: 16
[GPU3] Epoch 4953 | Batchsize: 32 | Steps: 16
[GPU2] Epoch 4953 | Batchsize: 32 | Steps: 16
[GPU1] Epoch 4954 | Batchsize: 32 | Steps: 16
[GPU3] Epoch 4954 | Batchsize: 32 | Steps: 16
[GPU0] Epoch 4954 | Batchsize: 32 | Steps: 16
[GPU2] Epoch 4954 | Batchsize: 32 | Steps: 16
[GPU1] Epoch 4955 | Batchsize: 32 | Steps: 16
[GPU3] Epoch 4955 | Batchsize: 32 | Steps: 16
[GPU0] Epoch 4955 | Batchsize: 32 | Steps: 16
[GPU2] Epoch 4955 | Batchsize: 32 | Steps: 16
[GPU1] Epoch 4956 | Batchsize: 32 | Steps: 16
[GPU3] Epoch 4956 | Batchsize: 32 | Steps: 16
[GPU0] Epoch 4956 | Batchsize: 32 | Steps: 16
[GPU2] Epoch 4956 | Batchsize: 32 | Steps: 16
[GPU1] Epoch 4957 | Batchsize: 32 | Steps: 16
[GPU3] Epoch 4957 | Batchsize: 32 | Steps: 16
[GPU0] Epoch 4957 | Batchsize: 32 | Steps: 16
[GPU2] Epoch 4957 | Batchsize: 32 | Steps: 16
[GPU1] Epoch 4958 | Batchsize: 32 | Steps: 16
[GPU3] Epoch 4958 | Batchsize: 32 | Steps: 16
[GPU0] Epoch 4958 | Batchsize: 32 | Steps: 16
[GPU2] Epoch 4958 | Batchsize: 32 | Steps: 16
[GPU1] Epoch 4959 | Batchsize: 32 | Steps: 16
[GPU0] Epoch 4959 | Batchsize: 32 | Steps: 16
[GPU3] Epoch 4959 | Batchsize: 32 | Steps: 16
[GPU2] Epoch 4959 | Batchsize: 32 | Steps: 16
[GPU1] Epoch 4960 | Batchsize: 32 | Steps: 16
[GPU3] Epoch 4960 | Batchsize: 32 | Steps: 16
[GPU0] Epoch 4960 | Batchsize: 32 | Steps: 16
[GPU2] Epoch 4960 | Batchsize: 32 | Steps: 16
[GPU1] Epoch 4961 | Batchsize: 32 | Steps: 16
[GPU3] Epoch 4961 | Batchsize: 32 | Steps: 16
[GPU0] Epoch 4961 | Batchsize: 32 | Steps: 16
[GPU2] Epoch 4961 | Batchsize: 32 | Steps: 16
[GPU3] Epoch 4962 | Batchsize: 32 | Steps: 16
[GPU1] Epoch 4962 | Batchsize: 32 | Steps: 16
[GPU0] Epoch 4962 | Batchsize: 32 | Steps: 16
[GPU2] Epoch 4962 | Batchsize: 32 | Steps: 16
[GPU0] Epoch 4963 | Batchsize: 32 | Steps: 16
[GPU1] Epoch 4963 | Batchsize: 32 | Steps: 16
[GPU3] Epoch 4963 | Batchsize: 32 | Steps: 16
[GPU2] Epoch 4963 | Batchsize: 32 | Steps: 16
[GPU3] Epoch 4964 | Batchsize: 32 | Steps: 16
[GPU0] Epoch 4964 | Batchsize: 32 | Steps: 16
[GPU1] Epoch 4964 | Batchsize: 32 | Steps: 16
[GPU2] Epoch 4964 | Batchsize: 32 | Steps: 16
[GPU3] Epoch 4965 | Batchsize: 32 | Steps: 16
[GPU0] Epoch 4965 | Batchsize: 32 | Steps: 16
[GPU1] Epoch 4965 | Batchsize: 32 | Steps: 16
[GPU2] Epoch 4965 | Batchsize: 32 | Steps: 16
[GPU3] Epoch 4966 | Batchsize: 32 | Steps: 16
[GPU1] Epoch 4966 | Batchsize: 32 | Steps: 16
[GPU0] Epoch 4966 | Batchsize: 32 | Steps: 16
[GPU2] Epoch 4966 | Batchsize: 32 | Steps: 16
[GPU1] Epoch 4967 | Batchsize: 32 | Steps: 16
[GPU0] Epoch 4967 | Batchsize: 32 | Steps: 16
[GPU2] Epoch 4967 | Batchsize: 32 | Steps: 16
[GPU3] Epoch 4967 | Batchsize: 32 | Steps: 16
[GPU1] Epoch 4968 | Batchsize: 32 | Steps: 16
[GPU0] Epoch 4968 | Batchsize: 32 | Steps: 16
[GPU2] Epoch 4968 | Batchsize: 32 | Steps: 16
[GPU3] Epoch 4968 | Batchsize: 32 | Steps: 16
[GPU1] Epoch 4969 | Batchsize: 32 | Steps: 16
[GPU2] Epoch 4969 | Batchsize: 32 | Steps: 16
[GPU0] Epoch 4969 | Batchsize: 32 | Steps: 16
[GPU3] Epoch 4969 | Batchsize: 32 | Steps: 16
[GPU1] Epoch 4970 | Batchsize: 32 | Steps: 16[GPU0] Epoch 4970 | Batchsize: 32 | Steps: 16

[GPU3] Epoch 4970 | Batchsize: 32 | Steps: 16
[GPU2] Epoch 4970 | Batchsize: 32 | Steps: 16
[GPU1] Epoch 4971 | Batchsize: 32 | Steps: 16
[GPU3] Epoch 4971 | Batchsize: 32 | Steps: 16
[GPU0] Epoch 4971 | Batchsize: 32 | Steps: 16
[GPU2] Epoch 4971 | Batchsize: 32 | Steps: 16
[GPU1] Epoch 4972 | Batchsize: 32 | Steps: 16
[GPU3] Epoch 4972 | Batchsize: 32 | Steps: 16
[GPU0] Epoch 4972 | Batchsize: 32 | Steps: 16
[GPU2] Epoch 4972 | Batchsize: 32 | Steps: 16
[GPU1] Epoch 4973 | Batchsize: 32 | Steps: 16
[GPU3] Epoch 4973 | Batchsize: 32 | Steps: 16
[GPU0] Epoch 4973 | Batchsize: 32 | Steps: 16
[GPU2] Epoch 4973 | Batchsize: 32 | Steps: 16
[GPU1] Epoch 4974 | Batchsize: 32 | Steps: 16
[GPU3] Epoch 4974 | Batchsize: 32 | Steps: 16
[GPU0] Epoch 4974 | Batchsize: 32 | Steps: 16
[GPU2] Epoch 4974 | Batchsize: 32 | Steps: 16
[GPU1] Epoch 4975 | Batchsize: 32 | Steps: 16
[GPU3] Epoch 4975 | Batchsize: 32 | Steps: 16
[GPU0] Epoch 4975 | Batchsize: 32 | Steps: 16
[GPU2] Epoch 4975 | Batchsize: 32 | Steps: 16
[GPU0] Epoch 4976 | Batchsize: 32 | Steps: 16
[GPU3] Epoch 4976 | Batchsize: 32 | Steps: 16
[GPU1] Epoch 4976 | Batchsize: 32 | Steps: 16
[GPU2] Epoch 4976 | Batchsize: 32 | Steps: 16
[GPU2] Epoch 4977 | Batchsize: 32 | Steps: 16
[GPU1] Epoch 4977 | Batchsize: 32 | Steps: 16
[GPU0] Epoch 4977 | Batchsize: 32 | Steps: 16
[GPU3] Epoch 4977 | Batchsize: 32 | Steps: 16
[GPU1] Epoch 4978 | Batchsize: 32 | Steps: 16
[GPU2] Epoch 4978 | Batchsize: 32 | Steps: 16
[GPU0] Epoch 4978 | Batchsize: 32 | Steps: 16
[GPU3] Epoch 4978 | Batchsize: 32 | Steps: 16
[GPU1] Epoch 4979 | Batchsize: 32 | Steps: 16
[GPU0] Epoch 4979 | Batchsize: 32 | Steps: 16
[GPU2] Epoch 4979 | Batchsize: 32 | Steps: 16
[GPU3] Epoch 4979 | Batchsize: 32 | Steps: 16
[GPU1] Epoch 4980 | Batchsize: 32 | Steps: 16
[GPU0] Epoch 4980 | Batchsize: 32 | Steps: 16
[GPU2] Epoch 4980 | Batchsize: 32 | Steps: 16
[GPU3] Epoch 4980 | Batchsize: 32 | Steps: 16
[GPU1] Epoch 4981 | Batchsize: 32 | Steps: 16
[GPU0] Epoch 4981 | Batchsize: 32 | Steps: 16
[GPU2] Epoch 4981 | Batchsize: 32 | Steps: 16
[GPU3] Epoch 4981 | Batchsize: 32 | Steps: 16
[GPU1] Epoch 4982 | Batchsize: 32 | Steps: 16
[GPU0] Epoch 4982 | Batchsize: 32 | Steps: 16
[GPU2] Epoch 4982 | Batchsize: 32 | Steps: 16
[GPU3] Epoch 4982 | Batchsize: 32 | Steps: 16
[GPU1] Epoch 4983 | Batchsize: 32 | Steps: 16
[GPU0] Epoch 4983 | Batchsize: 32 | Steps: 16
[GPU2] Epoch 4983 | Batchsize: 32 | Steps: 16
[GPU3] Epoch 4983 | Batchsize: 32 | Steps: 16
[GPU0] Epoch 4984 | Batchsize: 32 | Steps: 16
[GPU1] Epoch 4984 | Batchsize: 32 | Steps: 16
[GPU3] Epoch 4984 | Batchsize: 32 | Steps: 16
[GPU2] Epoch 4984 | Batchsize: 32 | Steps: 16
[GPU3] Epoch 4985 | Batchsize: 32 | Steps: 16
[GPU1] Epoch 4985 | Batchsize: 32 | Steps: 16
[GPU2] Epoch 4985 | Batchsize: 32 | Steps: 16
[GPU0] Epoch 4985 | Batchsize: 32 | Steps: 16
[GPU1] Epoch 4986 | Batchsize: 32 | Steps: 16
[GPU0] Epoch 4986 | Batchsize: 32 | Steps: 16
[GPU2] Epoch 4986 | Batchsize: 32 | Steps: 16
[GPU3] Epoch 4986 | Batchsize: 32 | Steps: 16
[GPU1] Epoch 4987 | Batchsize: 32 | Steps: 16
[GPU0] Epoch 4987 | Batchsize: 32 | Steps: 16
[GPU2] Epoch 4987 | Batchsize: 32 | Steps: 16
[GPU3] Epoch 4987 | Batchsize: 32 | Steps: 16
[GPU1] Epoch 4988 | Batchsize: 32 | Steps: 16
[GPU0] Epoch 4988 | Batchsize: 32 | Steps: 16
[GPU2] Epoch 4988 | Batchsize: 32 | Steps: 16
[GPU3] Epoch 4988 | Batchsize: 32 | Steps: 16
[GPU1] Epoch 4989 | Batchsize: 32 | Steps: 16
[GPU2] Epoch 4989 | Batchsize: 32 | Steps: 16
[GPU0] Epoch 4989 | Batchsize: 32 | Steps: 16
[GPU3] Epoch 4989 | Batchsize: 32 | Steps: 16
[GPU1] Epoch 4990 | Batchsize: 32 | Steps: 16
[GPU0] Epoch 4990 | Batchsize: 32 | Steps: 16
[GPU2] Epoch 4990 | Batchsize: 32 | Steps: 16
[GPU3] Epoch 4990 | Batchsize: 32 | Steps: 16
[GPU1] Epoch 4991 | Batchsize: 32 | Steps: 16
[GPU2] Epoch 4991 | Batchsize: 32 | Steps: 16
[GPU0] Epoch 4991 | Batchsize: 32 | Steps: 16
[GPU3] Epoch 4991 | Batchsize: 32 | Steps: 16
[GPU1] Epoch 4992 | Batchsize: 32 | Steps: 16
[GPU0] Epoch 4992 | Batchsize: 32 | Steps: 16
[GPU2] Epoch 4992 | Batchsize: 32 | Steps: 16
[GPU3] Epoch 4992 | Batchsize: 32 | Steps: 16
[GPU2] Epoch 4993 | Batchsize: 32 | Steps: 16
[GPU0] Epoch 4993 | Batchsize: 32 | Steps: 16
[GPU1] Epoch 4993 | Batchsize: 32 | Steps: 16
[GPU3] Epoch 4993 | Batchsize: 32 | Steps: 16
[GPU1] Epoch 4994 | Batchsize: 32 | Steps: 16
[GPU3] Epoch 4994 | Batchsize: 32 | Steps: 16
[GPU0] Epoch 4994 | Batchsize: 32 | Steps: 16
[GPU2] Epoch 4994 | Batchsize: 32 | Steps: 16
[GPU1] Epoch 4995 | Batchsize: 32 | Steps: 16
[GPU3] Epoch 4995 | Batchsize: 32 | Steps: 16
[GPU0] Epoch 4995 | Batchsize: 32 | Steps: 16
[GPU2] Epoch 4995 | Batchsize: 32 | Steps: 16
[GPU1] Epoch 4996 | Batchsize: 32 | Steps: 16
[GPU3] Epoch 4996 | Batchsize: 32 | Steps: 16
[GPU0] Epoch 4996 | Batchsize: 32 | Steps: 16
[GPU2] Epoch 4996 | Batchsize: 32 | Steps: 16
[GPU1] Epoch 4997 | Batchsize: 32 | Steps: 16
[GPU3] Epoch 4997 | Batchsize: 32 | Steps: 16
[GPU0] Epoch 4997 | Batchsize: 32 | Steps: 16
[GPU2] Epoch 4997 | Batchsize: 32 | Steps: 16
[GPU1] Epoch 4998 | Batchsize: 32 | Steps: 16
[GPU3] Epoch 4998 | Batchsize: 32 | Steps: 16
[GPU0] Epoch 4998 | Batchsize: 32 | Steps: 16
[GPU2] Epoch 4998 | Batchsize: 32 | Steps: 16
[GPU1] Epoch 4999 | Batchsize: 32 | Steps: 16
[GPU3] Epoch 4999 | Batchsize: 32 | Steps: 16
[GPU0] Epoch 4999 | Batchsize: 32 | Steps: 16
[GPU2] Epoch 4999 | Batchsize: 32 | Steps: 16
